<?xml version="1.0" encoding="UTF-8"?>
<!-- Generated by org.testng.reporters.JUnitReportReporter -->
<testsuite hostname="SRIIS" failures="0" tests="7" name="stepDefs.TestNG" time="5.529" errors="0" timestamp="2023-05-24T04:37:03 IST" skipped="0">
  <testcase classname="stepDefs.TestNG" name="browserLaunch" time="5.111"/>
  <system-out/>
  <testcase classname="stepDefs.TestNG" name="Login" time="0.003"/>
  <system-out/>
  <testcase classname="stepDefs.TestNG" name="validateUrl" time="0.003"/>
  <system-out/>
  <testcase classname="stepDefs.TestNG" name="validatePageTitle" time="0.002"/>
  <system-out/>
  <testcase classname="stepDefs.TestNG" name="Logout" time="0.002"/>
  <system-out/>
  <testcase classname="stepDefs.TestNG" name="close" time="0.159"/>
  <system-out/>
  <testcase classname="stepDefs.TestNG" name="quit" time="0.249"/>
  <system-out/>
</testsuite> <!-- stepDefs.TestNG -->
